TimeQuest Timing Analyzer report for identificadorDeEstadoFPGA
Wed Feb 16 09:36:23 2022
Quartus Prime Version 17.1.0 Build 590 10/25/2017 SJ Lite Edition


---------------------
; Table of Contents ;
---------------------
  1. Legal Notice
  2. TimeQuest Timing Analyzer Summary
  3. Parallel Compilation
  4. Clocks
  5. Slow 1100mV 125C Model Fmax Summary
  6. Timing Closure Recommendations
  7. Slow 1100mV 125C Model Setup Summary
  8. Slow 1100mV 125C Model Hold Summary
  9. Slow 1100mV 125C Model Recovery Summary
 10. Slow 1100mV 125C Model Removal Summary
 11. Slow 1100mV 125C Model Minimum Pulse Width Summary
 12. Slow 1100mV 125C Model Metastability Summary
 13. Slow 1100mV -40C Model Fmax Summary
 14. Slow 1100mV -40C Model Setup Summary
 15. Slow 1100mV -40C Model Hold Summary
 16. Slow 1100mV -40C Model Recovery Summary
 17. Slow 1100mV -40C Model Removal Summary
 18. Slow 1100mV -40C Model Minimum Pulse Width Summary
 19. Slow 1100mV -40C Model Metastability Summary
 20. Fast 1100mV 125C Model Setup Summary
 21. Fast 1100mV 125C Model Hold Summary
 22. Fast 1100mV 125C Model Recovery Summary
 23. Fast 1100mV 125C Model Removal Summary
 24. Fast 1100mV 125C Model Minimum Pulse Width Summary
 25. Fast 1100mV 125C Model Metastability Summary
 26. Fast 1100mV -40C Model Setup Summary
 27. Fast 1100mV -40C Model Hold Summary
 28. Fast 1100mV -40C Model Recovery Summary
 29. Fast 1100mV -40C Model Removal Summary
 30. Fast 1100mV -40C Model Minimum Pulse Width Summary
 31. Fast 1100mV -40C Model Metastability Summary
 32. Multicorner Timing Analysis Summary
 33. Board Trace Model Assignments
 34. Input Transition Times
 35. Signal Integrity Metrics (Slow 1100mv n40c Model)
 36. Signal Integrity Metrics (Slow 1100mv 125c Model)
 37. Signal Integrity Metrics (Fast 1100mv n40c Model)
 38. Signal Integrity Metrics (Fast 1100mv 125c Model)
 39. Setup Transfers
 40. Hold Transfers
 41. Report TCCS
 42. Report RSKM
 43. Unconstrained Paths Summary
 44. Clock Status Summary
 45. Unconstrained Input Ports
 46. Unconstrained Output Ports
 47. Unconstrained Input Ports
 48. Unconstrained Output Ports
 49. TimeQuest Timing Analyzer Messages



----------------
; Legal Notice ;
----------------
Copyright (C) 2017  Intel Corporation. All rights reserved.
Your use of Intel Corporation's design tools, logic functions 
and other software and tools, and its AMPP partner logic 
functions, and any output files from any of the foregoing 
(including device programming or simulation files), and any 
associated documentation or information are expressly subject 
to the terms and conditions of the Intel Program License 
Subscription Agreement, the Intel Quartus Prime License Agreement,
the Intel FPGA IP License Agreement, or other applicable license
agreement, including, without limitation, that your use is for
the sole purpose of programming logic devices manufactured by
Intel and sold by Intel or its authorized distributors.  Please
refer to the applicable agreement for further details.



+-----------------------------------------------------------------------------+
; TimeQuest Timing Analyzer Summary                                           ;
+-----------------------+-----------------------------------------------------+
; Quartus Prime Version ; Version 17.1.0 Build 590 10/25/2017 SJ Lite Edition ;
; Timing Analyzer       ; TimeQuest                                           ;
; Revision Name         ; identificadorDeEstadoFPGA                           ;
; Device Family         ; Cyclone V                                           ;
; Device Name           ; 5CEBA2F17A7                                         ;
; Timing Models         ; Final                                               ;
; Delay Model           ; Combined                                            ;
; Rise/Fall Delays      ; Enabled                                             ;
+-----------------------+-----------------------------------------------------+


+------------------------------------------+
; Parallel Compilation                     ;
+----------------------------+-------------+
; Processors                 ; Number      ;
+----------------------------+-------------+
; Number detected on machine ; 4           ;
; Maximum allowed            ; 2           ;
;                            ;             ;
; Average used               ; 1.51        ;
; Maximum used               ; 2           ;
;                            ;             ;
; Usage by Processor         ; % Time Used ;
;     Processor 1            ; 100.0%      ;
;     Processor 2            ;  50.6%      ;
+----------------------------+-------------+


+---------------------------------------------------------------------------------------------------------------------------------------------------------------------------------+
; Clocks                                                                                                                                                                          ;
+------------+------+--------+------------+-------+-------+------------+-----------+-------------+-------+--------+-----------+------------+----------+--------+--------+---------+
; Clock Name ; Type ; Period ; Frequency  ; Rise  ; Fall  ; Duty Cycle ; Divide by ; Multiply by ; Phase ; Offset ; Edge List ; Edge Shift ; Inverted ; Master ; Source ; Targets ;
+------------+------+--------+------------+-------+-------+------------+-----------+-------------+-------+--------+-----------+------------+----------+--------+--------+---------+
; CLK        ; Base ; 1.000  ; 1000.0 MHz ; 0.000 ; 0.500 ;            ;           ;             ;       ;        ;           ;            ;          ;        ;        ; { CLK } ;
+------------+------+--------+------------+-------+-------+------------+-----------+-------------+-------+--------+-----------+------------+----------+--------+--------+---------+


+-------------------------------------------------+
; Slow 1100mV 125C Model Fmax Summary             ;
+-----------+-----------------+------------+------+
; Fmax      ; Restricted Fmax ; Clock Name ; Note ;
+-----------+-----------------+------------+------+
; 47.33 MHz ; 47.33 MHz       ; CLK        ;      ;
+-----------+-----------------+------------+------+
This panel reports FMAX for every clock in the design, regardless of the user-specified clock periods.  FMAX is only computed for paths where the source and destination registers or ports are driven by the same clock.  Paths of different clocks, including generated clocks, are ignored.  For paths between a clock and its inversion, FMAX is computed as if the rising and falling edges are scaled along with FMAX, such that the duty cycle (in terms of a percentage) is maintained. Altera recommends that you always use clock constraints and other slack reports for sign-off analysis.


----------------------------------
; Timing Closure Recommendations ;
----------------------------------
HTML report is unavailable in plain text report export.


+--------------------------------------+
; Slow 1100mV 125C Model Setup Summary ;
+-------+---------+--------------------+
; Clock ; Slack   ; End Point TNS      ;
+-------+---------+--------------------+
; CLK   ; -11.557 ; -21523.000         ;
+-------+---------+--------------------+


+-------------------------------------+
; Slow 1100mV 125C Model Hold Summary ;
+-------+-------+---------------------+
; Clock ; Slack ; End Point TNS       ;
+-------+-------+---------------------+
; CLK   ; 0.104 ; 0.000               ;
+-------+-------+---------------------+


-------------------------------------------
; Slow 1100mV 125C Model Recovery Summary ;
-------------------------------------------
No paths to report.


------------------------------------------
; Slow 1100mV 125C Model Removal Summary ;
------------------------------------------
No paths to report.


+----------------------------------------------------+
; Slow 1100mV 125C Model Minimum Pulse Width Summary ;
+-------+--------+-----------------------------------+
; Clock ; Slack  ; End Point TNS                     ;
+-------+--------+-----------------------------------+
; CLK   ; -3.545 ; -13815.118                        ;
+-------+--------+-----------------------------------+


------------------------------------------------
; Slow 1100mV 125C Model Metastability Summary ;
------------------------------------------------
No synchronizer chains to report.


+-------------------------------------------------+
; Slow 1100mV -40C Model Fmax Summary             ;
+-----------+-----------------+------------+------+
; Fmax      ; Restricted Fmax ; Clock Name ; Note ;
+-----------+-----------------+------------+------+
; 46.36 MHz ; 46.36 MHz       ; CLK        ;      ;
+-----------+-----------------+------------+------+
This panel reports FMAX for every clock in the design, regardless of the user-specified clock periods.  FMAX is only computed for paths where the source and destination registers or ports are driven by the same clock.  Paths of different clocks, including generated clocks, are ignored.  For paths between a clock and its inversion, FMAX is computed as if the rising and falling edges are scaled along with FMAX, such that the duty cycle (in terms of a percentage) is maintained. Altera recommends that you always use clock constraints and other slack reports for sign-off analysis.


+--------------------------------------+
; Slow 1100mV -40C Model Setup Summary ;
+-------+---------+--------------------+
; Clock ; Slack   ; End Point TNS      ;
+-------+---------+--------------------+
; CLK   ; -11.702 ; -21909.481         ;
+-------+---------+--------------------+


+-------------------------------------+
; Slow 1100mV -40C Model Hold Summary ;
+-------+--------+--------------------+
; Clock ; Slack  ; End Point TNS      ;
+-------+--------+--------------------+
; CLK   ; -0.089 ; -0.424             ;
+-------+--------+--------------------+


-------------------------------------------
; Slow 1100mV -40C Model Recovery Summary ;
-------------------------------------------
No paths to report.


------------------------------------------
; Slow 1100mV -40C Model Removal Summary ;
------------------------------------------
No paths to report.


+----------------------------------------------------+
; Slow 1100mV -40C Model Minimum Pulse Width Summary ;
+-------+--------+-----------------------------------+
; Clock ; Slack  ; End Point TNS                     ;
+-------+--------+-----------------------------------+
; CLK   ; -2.636 ; -12947.627                        ;
+-------+--------+-----------------------------------+


------------------------------------------------
; Slow 1100mV -40C Model Metastability Summary ;
------------------------------------------------
No synchronizer chains to report.


+--------------------------------------+
; Fast 1100mV 125C Model Setup Summary ;
+-------+--------+---------------------+
; Clock ; Slack  ; End Point TNS       ;
+-------+--------+---------------------+
; CLK   ; -5.986 ; -8578.007           ;
+-------+--------+---------------------+


+-------------------------------------+
; Fast 1100mV 125C Model Hold Summary ;
+-------+-------+---------------------+
; Clock ; Slack ; End Point TNS       ;
+-------+-------+---------------------+
; CLK   ; 0.092 ; 0.000               ;
+-------+-------+---------------------+


-------------------------------------------
; Fast 1100mV 125C Model Recovery Summary ;
-------------------------------------------
No paths to report.


------------------------------------------
; Fast 1100mV 125C Model Removal Summary ;
------------------------------------------
No paths to report.


+----------------------------------------------------+
; Fast 1100mV 125C Model Minimum Pulse Width Summary ;
+-------+--------+-----------------------------------+
; Clock ; Slack  ; End Point TNS                     ;
+-------+--------+-----------------------------------+
; CLK   ; -2.174 ; -7347.562                         ;
+-------+--------+-----------------------------------+


------------------------------------------------
; Fast 1100mV 125C Model Metastability Summary ;
------------------------------------------------
No synchronizer chains to report.


+--------------------------------------+
; Fast 1100mV -40C Model Setup Summary ;
+-------+--------+---------------------+
; Clock ; Slack  ; End Point TNS       ;
+-------+--------+---------------------+
; CLK   ; -4.863 ; -6575.632           ;
+-------+--------+---------------------+


+-------------------------------------+
; Fast 1100mV -40C Model Hold Summary ;
+-------+--------+--------------------+
; Clock ; Slack  ; End Point TNS      ;
+-------+--------+--------------------+
; CLK   ; -0.031 ; -0.050             ;
+-------+--------+--------------------+


-------------------------------------------
; Fast 1100mV -40C Model Recovery Summary ;
-------------------------------------------
No paths to report.


------------------------------------------
; Fast 1100mV -40C Model Removal Summary ;
------------------------------------------
No paths to report.


+----------------------------------------------------+
; Fast 1100mV -40C Model Minimum Pulse Width Summary ;
+-------+--------+-----------------------------------+
; Clock ; Slack  ; End Point TNS                     ;
+-------+--------+-----------------------------------+
; CLK   ; -2.174 ; -7413.085                         ;
+-------+--------+-----------------------------------+


------------------------------------------------
; Fast 1100mV -40C Model Metastability Summary ;
------------------------------------------------
No synchronizer chains to report.


+-----------------------------------------------------------------------------------+
; Multicorner Timing Analysis Summary                                               ;
+------------------+------------+--------+----------+---------+---------------------+
; Clock            ; Setup      ; Hold   ; Recovery ; Removal ; Minimum Pulse Width ;
+------------------+------------+--------+----------+---------+---------------------+
; Worst-case Slack ; -11.702    ; -0.089 ; N/A      ; N/A     ; -3.545              ;
;  CLK             ; -11.702    ; -0.089 ; N/A      ; N/A     ; -3.545              ;
; Design-wide TNS  ; -21909.481 ; -0.424 ; 0.0      ; 0.0     ; -13815.118          ;
;  CLK             ; -21909.481 ; -0.424 ; N/A      ; N/A     ; -13815.118          ;
+------------------+------------+--------+----------+---------+---------------------+


+--------------------------------------------------------------------------------------------------------------------------------------------------------------------------------------------------------------------------------------------------------------------------------------------------------------------------------------------------------------------------------------------------------+
; Board Trace Model Assignments                                                                                                                                                                                                                                                                                                                                                                          ;
+-----+--------------+-------------------+-------------------------+-------------------------+---------------+---------------------+----------------+------------------+--------+------------------+------------------------+------------------------+--------------+---------------+-----------------+-------+---------------------+--------------------+---------------+-----------------+-------------+
; Pin ; I/O Standard ; Near Tline Length ; Near Tline L per Length ; Near Tline C per Length ; Near Series R ; Near Differential R ; Near Pull-up R ; Near Pull-down R ; Near C ; Far Tline Length ; Far Tline L per Length ; Far Tline C per Length ; Far Series R ; Far Pull-up R ; Far Pull-down R ; Far C ; Termination Voltage ; Far Differential R ; EBD File Name ; EBD Signal Name ; EBD Far-end ;
+-----+--------------+-------------------+-------------------------+-------------------------+---------------+---------------------+----------------+------------------+--------+------------------+------------------------+------------------------+--------------+---------------+-----------------+-------+---------------------+--------------------+---------------+-----------------+-------------+
; PWM ; 2.5 V        ; 0 in              ; 0 H/in                  ; 0 F/in                  ; short         ; -                   ; open           ; open             ; open   ; 0 in             ; 0 H/in                 ; 0 F/in                 ; short        ; open          ; open            ; open  ; 0 V                 ; -                  ; n/a           ; n/a             ; n/a         ;
+-----+--------------+-------------------+-------------------------+-------------------------+---------------+---------------------+----------------+------------------+--------+------------------+------------------------+------------------------+--------------+---------------+-----------------+-------+---------------------+--------------------+---------------+-----------------+-------------+


+-----------------------------------------------------------+
; Input Transition Times                                    ;
+--------+--------------+-----------------+-----------------+
; Pin    ; I/O Standard ; 10-90 Rise Time ; 90-10 Fall Time ;
+--------+--------------+-----------------+-----------------+
; CLK    ; 2.5 V        ; 2000 ps         ; 2000 ps         ;
; eda[2] ; 2.5 V        ; 2000 ps         ; 2000 ps         ;
; eda[9] ; 2.5 V        ; 2000 ps         ; 2000 ps         ;
; eda[1] ; 2.5 V        ; 2000 ps         ; 2000 ps         ;
; eda[4] ; 2.5 V        ; 2000 ps         ; 2000 ps         ;
; eda[3] ; 2.5 V        ; 2000 ps         ; 2000 ps         ;
; eda[6] ; 2.5 V        ; 2000 ps         ; 2000 ps         ;
; eda[5] ; 2.5 V        ; 2000 ps         ; 2000 ps         ;
; eda[8] ; 2.5 V        ; 2000 ps         ; 2000 ps         ;
; eda[7] ; 2.5 V        ; 2000 ps         ; 2000 ps         ;
; eda[0] ; 2.5 V        ; 2000 ps         ; 2000 ps         ;
; emg[2] ; 2.5 V        ; 2000 ps         ; 2000 ps         ;
; emg[9] ; 2.5 V        ; 2000 ps         ; 2000 ps         ;
; emg[1] ; 2.5 V        ; 2000 ps         ; 2000 ps         ;
; emg[4] ; 2.5 V        ; 2000 ps         ; 2000 ps         ;
; emg[3] ; 2.5 V        ; 2000 ps         ; 2000 ps         ;
; emg[6] ; 2.5 V        ; 2000 ps         ; 2000 ps         ;
; emg[5] ; 2.5 V        ; 2000 ps         ; 2000 ps         ;
; emg[8] ; 2.5 V        ; 2000 ps         ; 2000 ps         ;
; emg[7] ; 2.5 V        ; 2000 ps         ; 2000 ps         ;
; emg[0] ; 2.5 V        ; 2000 ps         ; 2000 ps         ;
; bvp[2] ; 2.5 V        ; 2000 ps         ; 2000 ps         ;
; bvp[9] ; 2.5 V        ; 2000 ps         ; 2000 ps         ;
; bvp[1] ; 2.5 V        ; 2000 ps         ; 2000 ps         ;
; bvp[4] ; 2.5 V        ; 2000 ps         ; 2000 ps         ;
; bvp[3] ; 2.5 V        ; 2000 ps         ; 2000 ps         ;
; bvp[6] ; 2.5 V        ; 2000 ps         ; 2000 ps         ;
; bvp[5] ; 2.5 V        ; 2000 ps         ; 2000 ps         ;
; bvp[8] ; 2.5 V        ; 2000 ps         ; 2000 ps         ;
; bvp[7] ; 2.5 V        ; 2000 ps         ; 2000 ps         ;
; bvp[0] ; 2.5 V        ; 2000 ps         ; 2000 ps         ;
; x[2]   ; 2.5 V        ; 2000 ps         ; 2000 ps         ;
; x[9]   ; 2.5 V        ; 2000 ps         ; 2000 ps         ;
; x[1]   ; 2.5 V        ; 2000 ps         ; 2000 ps         ;
; x[4]   ; 2.5 V        ; 2000 ps         ; 2000 ps         ;
; x[3]   ; 2.5 V        ; 2000 ps         ; 2000 ps         ;
; x[6]   ; 2.5 V        ; 2000 ps         ; 2000 ps         ;
; x[5]   ; 2.5 V        ; 2000 ps         ; 2000 ps         ;
; x[8]   ; 2.5 V        ; 2000 ps         ; 2000 ps         ;
; x[7]   ; 2.5 V        ; 2000 ps         ; 2000 ps         ;
; x[0]   ; 2.5 V        ; 2000 ps         ; 2000 ps         ;
+--------+--------------+-----------------+-----------------+


+----------------------------------------------------------------------------------------------------------------------------------------------------------------------------------------------------------------------------------------------------------------------------------------------------------------------------------------------------------------------------------------------------------------------------------------------------------------------------------------------------------------------------------------------------------------------------------------------------------------------------------------------------------------------------------+
; Signal Integrity Metrics (Slow 1100mv n40c Model)                                                                                                                                                                                                                                                                                                                                                                                                                                                                                                                                                                                                                                ;
+-----+--------------+---------------------+---------------------+------------------------------+------------------------------+---------------------+---------------------+--------------------------------------+--------------------------------------+-----------------------------+-----------------------------+----------------------------+----------------------------+-----------------------------+-----------------------------+--------------------+--------------------+-------------------------------------+-------------------------------------+----------------------------+----------------------------+---------------------------+---------------------------+
; Pin ; I/O Standard ; Board Delay on Rise ; Board Delay on Fall ; Steady State Voh at FPGA Pin ; Steady State Vol at FPGA Pin ; Voh Max at FPGA Pin ; Vol Min at FPGA Pin ; Ringback Voltage on Rise at FPGA Pin ; Ringback Voltage on Fall at FPGA Pin ; 10-90 Rise Time at FPGA Pin ; 90-10 Fall Time at FPGA Pin ; Monotonic Rise at FPGA Pin ; Monotonic Fall at FPGA Pin ; Steady State Voh at Far-end ; Steady State Vol at Far-end ; Voh Max at Far-end ; Vol Min at Far-end ; Ringback Voltage on Rise at Far-end ; Ringback Voltage on Fall at Far-end ; 10-90 Rise Time at Far-end ; 90-10 Fall Time at Far-end ; Monotonic Rise at Far-end ; Monotonic Fall at Far-end ;
+-----+--------------+---------------------+---------------------+------------------------------+------------------------------+---------------------+---------------------+--------------------------------------+--------------------------------------+-----------------------------+-----------------------------+----------------------------+----------------------------+-----------------------------+-----------------------------+--------------------+--------------------+-------------------------------------+-------------------------------------+----------------------------+----------------------------+---------------------------+---------------------------+
; PWM ; 2.5 V        ; 0 s                 ; 0 s                 ; 2.32 V                       ; 1.33e-08 V                   ; 2.36 V              ; -0.0253 V           ; 0.132 V                              ; 0.078 V                              ; 4.45e-10 s                  ; 4.26e-10 s                  ; No                         ; Yes                        ; 2.32 V                      ; 1.33e-08 V                  ; 2.36 V             ; -0.0253 V          ; 0.132 V                             ; 0.078 V                             ; 4.45e-10 s                 ; 4.26e-10 s                 ; No                        ; Yes                       ;
+-----+--------------+---------------------+---------------------+------------------------------+------------------------------+---------------------+---------------------+--------------------------------------+--------------------------------------+-----------------------------+-----------------------------+----------------------------+----------------------------+-----------------------------+-----------------------------+--------------------+--------------------+-------------------------------------+-------------------------------------+----------------------------+----------------------------+---------------------------+---------------------------+


+----------------------------------------------------------------------------------------------------------------------------------------------------------------------------------------------------------------------------------------------------------------------------------------------------------------------------------------------------------------------------------------------------------------------------------------------------------------------------------------------------------------------------------------------------------------------------------------------------------------------------------------------------------------------------------+
; Signal Integrity Metrics (Slow 1100mv 125c Model)                                                                                                                                                                                                                                                                                                                                                                                                                                                                                                                                                                                                                                ;
+-----+--------------+---------------------+---------------------+------------------------------+------------------------------+---------------------+---------------------+--------------------------------------+--------------------------------------+-----------------------------+-----------------------------+----------------------------+----------------------------+-----------------------------+-----------------------------+--------------------+--------------------+-------------------------------------+-------------------------------------+----------------------------+----------------------------+---------------------------+---------------------------+
; Pin ; I/O Standard ; Board Delay on Rise ; Board Delay on Fall ; Steady State Voh at FPGA Pin ; Steady State Vol at FPGA Pin ; Voh Max at FPGA Pin ; Vol Min at FPGA Pin ; Ringback Voltage on Rise at FPGA Pin ; Ringback Voltage on Fall at FPGA Pin ; 10-90 Rise Time at FPGA Pin ; 90-10 Fall Time at FPGA Pin ; Monotonic Rise at FPGA Pin ; Monotonic Fall at FPGA Pin ; Steady State Voh at Far-end ; Steady State Vol at Far-end ; Voh Max at Far-end ; Vol Min at Far-end ; Ringback Voltage on Rise at Far-end ; Ringback Voltage on Fall at Far-end ; 10-90 Rise Time at Far-end ; 90-10 Fall Time at Far-end ; Monotonic Rise at Far-end ; Monotonic Fall at Far-end ;
+-----+--------------+---------------------+---------------------+------------------------------+------------------------------+---------------------+---------------------+--------------------------------------+--------------------------------------+-----------------------------+-----------------------------+----------------------------+----------------------------+-----------------------------+-----------------------------+--------------------+--------------------+-------------------------------------+-------------------------------------+----------------------------+----------------------------+---------------------------+---------------------------+
; PWM ; 2.5 V        ; 0 s                 ; 0 s                 ; 2.32 V                       ; 0.000111 V                   ; 2.34 V              ; -0.00648 V          ; 0.229 V                              ; 0.079 V                              ; 5.32e-10 s                  ; 5.93e-10 s                  ; Yes                        ; Yes                        ; 2.32 V                      ; 0.000111 V                  ; 2.34 V             ; -0.00648 V         ; 0.229 V                             ; 0.079 V                             ; 5.32e-10 s                 ; 5.93e-10 s                 ; Yes                       ; Yes                       ;
+-----+--------------+---------------------+---------------------+------------------------------+------------------------------+---------------------+---------------------+--------------------------------------+--------------------------------------+-----------------------------+-----------------------------+----------------------------+----------------------------+-----------------------------+-----------------------------+--------------------+--------------------+-------------------------------------+-------------------------------------+----------------------------+----------------------------+---------------------------+---------------------------+


+----------------------------------------------------------------------------------------------------------------------------------------------------------------------------------------------------------------------------------------------------------------------------------------------------------------------------------------------------------------------------------------------------------------------------------------------------------------------------------------------------------------------------------------------------------------------------------------------------------------------------------------------------------------------------------+
; Signal Integrity Metrics (Fast 1100mv n40c Model)                                                                                                                                                                                                                                                                                                                                                                                                                                                                                                                                                                                                                                ;
+-----+--------------+---------------------+---------------------+------------------------------+------------------------------+---------------------+---------------------+--------------------------------------+--------------------------------------+-----------------------------+-----------------------------+----------------------------+----------------------------+-----------------------------+-----------------------------+--------------------+--------------------+-------------------------------------+-------------------------------------+----------------------------+----------------------------+---------------------------+---------------------------+
; Pin ; I/O Standard ; Board Delay on Rise ; Board Delay on Fall ; Steady State Voh at FPGA Pin ; Steady State Vol at FPGA Pin ; Voh Max at FPGA Pin ; Vol Min at FPGA Pin ; Ringback Voltage on Rise at FPGA Pin ; Ringback Voltage on Fall at FPGA Pin ; 10-90 Rise Time at FPGA Pin ; 90-10 Fall Time at FPGA Pin ; Monotonic Rise at FPGA Pin ; Monotonic Fall at FPGA Pin ; Steady State Voh at Far-end ; Steady State Vol at Far-end ; Voh Max at Far-end ; Vol Min at Far-end ; Ringback Voltage on Rise at Far-end ; Ringback Voltage on Fall at Far-end ; 10-90 Rise Time at Far-end ; 90-10 Fall Time at Far-end ; Monotonic Rise at Far-end ; Monotonic Fall at Far-end ;
+-----+--------------+---------------------+---------------------+------------------------------+------------------------------+---------------------+---------------------+--------------------------------------+--------------------------------------+-----------------------------+-----------------------------+----------------------------+----------------------------+-----------------------------+-----------------------------+--------------------+--------------------+-------------------------------------+-------------------------------------+----------------------------+----------------------------+---------------------------+---------------------------+
; PWM ; 2.5 V        ; 0 s                 ; 0 s                 ; 2.75 V                       ; 1.99e-07 V                   ; 2.83 V              ; -0.0718 V           ; 0.269 V                              ; 0.234 V                              ; 2.77e-10 s                  ; 2.75e-10 s                  ; Yes                        ; Yes                        ; 2.75 V                      ; 1.99e-07 V                  ; 2.83 V             ; -0.0718 V          ; 0.269 V                             ; 0.234 V                             ; 2.77e-10 s                 ; 2.75e-10 s                 ; Yes                       ; Yes                       ;
+-----+--------------+---------------------+---------------------+------------------------------+------------------------------+---------------------+---------------------+--------------------------------------+--------------------------------------+-----------------------------+-----------------------------+----------------------------+----------------------------+-----------------------------+-----------------------------+--------------------+--------------------+-------------------------------------+-------------------------------------+----------------------------+----------------------------+---------------------------+---------------------------+


+----------------------------------------------------------------------------------------------------------------------------------------------------------------------------------------------------------------------------------------------------------------------------------------------------------------------------------------------------------------------------------------------------------------------------------------------------------------------------------------------------------------------------------------------------------------------------------------------------------------------------------------------------------------------------------+
; Signal Integrity Metrics (Fast 1100mv 125c Model)                                                                                                                                                                                                                                                                                                                                                                                                                                                                                                                                                                                                                                ;
+-----+--------------+---------------------+---------------------+------------------------------+------------------------------+---------------------+---------------------+--------------------------------------+--------------------------------------+-----------------------------+-----------------------------+----------------------------+----------------------------+-----------------------------+-----------------------------+--------------------+--------------------+-------------------------------------+-------------------------------------+----------------------------+----------------------------+---------------------------+---------------------------+
; Pin ; I/O Standard ; Board Delay on Rise ; Board Delay on Fall ; Steady State Voh at FPGA Pin ; Steady State Vol at FPGA Pin ; Voh Max at FPGA Pin ; Vol Min at FPGA Pin ; Ringback Voltage on Rise at FPGA Pin ; Ringback Voltage on Fall at FPGA Pin ; 10-90 Rise Time at FPGA Pin ; 90-10 Fall Time at FPGA Pin ; Monotonic Rise at FPGA Pin ; Monotonic Fall at FPGA Pin ; Steady State Voh at Far-end ; Steady State Vol at Far-end ; Voh Max at Far-end ; Vol Min at Far-end ; Ringback Voltage on Rise at Far-end ; Ringback Voltage on Fall at Far-end ; 10-90 Rise Time at Far-end ; 90-10 Fall Time at Far-end ; Monotonic Rise at Far-end ; Monotonic Fall at Far-end ;
+-----+--------------+---------------------+---------------------+------------------------------+------------------------------+---------------------+---------------------+--------------------------------------+--------------------------------------+-----------------------------+-----------------------------+----------------------------+----------------------------+-----------------------------+-----------------------------+--------------------+--------------------+-------------------------------------+-------------------------------------+----------------------------+----------------------------+---------------------------+---------------------------+
; PWM ; 2.5 V        ; 0 s                 ; 0 s                 ; 2.75 V                       ; 0.000804 V                   ; 2.78 V              ; -0.0253 V           ; 0.143 V                              ; 0.143 V                              ; 4.48e-10 s                  ; 4.48e-10 s                  ; No                         ; Yes                        ; 2.75 V                      ; 0.000804 V                  ; 2.78 V             ; -0.0253 V          ; 0.143 V                             ; 0.143 V                             ; 4.48e-10 s                 ; 4.48e-10 s                 ; No                        ; Yes                       ;
+-----+--------------+---------------------+---------------------+------------------------------+------------------------------+---------------------+---------------------+--------------------------------------+--------------------------------------+-----------------------------+-----------------------------+----------------------------+----------------------------+-----------------------------+-----------------------------+--------------------+--------------------+-------------------------------------+-------------------------------------+----------------------------+----------------------------+---------------------------+---------------------------+


+-------------------------------------------------------------------+
; Setup Transfers                                                   ;
+------------+----------+----------+----------+----------+----------+
; From Clock ; To Clock ; RR Paths ; FR Paths ; RF Paths ; FF Paths ;
+------------+----------+----------+----------+----------+----------+
; CLK        ; CLK      ; 5907877  ; 2947521  ; 843      ; 24811    ;
+------------+----------+----------+----------+----------+----------+
Entries labeled "false path" only account for clock-to-clock false paths and not path-based false paths. As a result, actual path counts may be lower than reported.


+-------------------------------------------------------------------+
; Hold Transfers                                                    ;
+------------+----------+----------+----------+----------+----------+
; From Clock ; To Clock ; RR Paths ; FR Paths ; RF Paths ; FF Paths ;
+------------+----------+----------+----------+----------+----------+
; CLK        ; CLK      ; 5907877  ; 2947521  ; 843      ; 24811    ;
+------------+----------+----------+----------+----------+----------+
Entries labeled "false path" only account for clock-to-clock false paths and not path-based false paths. As a result, actual path counts may be lower than reported.


---------------
; Report TCCS ;
---------------
No dedicated SERDES Transmitter circuitry present in device or used in design


---------------
; Report RSKM ;
---------------
No non-DPA dedicated SERDES Receiver circuitry present in device or used in design


+------------------------------------------------+
; Unconstrained Paths Summary                    ;
+---------------------------------+-------+------+
; Property                        ; Setup ; Hold ;
+---------------------------------+-------+------+
; Illegal Clocks                  ; 0     ; 0    ;
; Unconstrained Clocks            ; 0     ; 0    ;
; Unconstrained Input Ports       ; 40    ; 40   ;
; Unconstrained Input Port Paths  ; 40    ; 40   ;
; Unconstrained Output Ports      ; 1     ; 1    ;
; Unconstrained Output Port Paths ; 1     ; 1    ;
+---------------------------------+-------+------+


+-------------------------------------+
; Clock Status Summary                ;
+--------+-------+------+-------------+
; Target ; Clock ; Type ; Status      ;
+--------+-------+------+-------------+
; CLK    ; CLK   ; Base ; Constrained ;
+--------+-------+------+-------------+


+---------------------------------------------------------------------------------------------------+
; Unconstrained Input Ports                                                                         ;
+------------+--------------------------------------------------------------------------------------+
; Input Port ; Comment                                                                              ;
+------------+--------------------------------------------------------------------------------------+
; bvp[0]     ; No input delay, min/max delays, false-path exceptions, or max skew assignments found ;
; bvp[1]     ; No input delay, min/max delays, false-path exceptions, or max skew assignments found ;
; bvp[2]     ; No input delay, min/max delays, false-path exceptions, or max skew assignments found ;
; bvp[3]     ; No input delay, min/max delays, false-path exceptions, or max skew assignments found ;
; bvp[4]     ; No input delay, min/max delays, false-path exceptions, or max skew assignments found ;
; bvp[5]     ; No input delay, min/max delays, false-path exceptions, or max skew assignments found ;
; bvp[6]     ; No input delay, min/max delays, false-path exceptions, or max skew assignments found ;
; bvp[7]     ; No input delay, min/max delays, false-path exceptions, or max skew assignments found ;
; bvp[8]     ; No input delay, min/max delays, false-path exceptions, or max skew assignments found ;
; bvp[9]     ; No input delay, min/max delays, false-path exceptions, or max skew assignments found ;
; eda[0]     ; No input delay, min/max delays, false-path exceptions, or max skew assignments found ;
; eda[1]     ; No input delay, min/max delays, false-path exceptions, or max skew assignments found ;
; eda[2]     ; No input delay, min/max delays, false-path exceptions, or max skew assignments found ;
; eda[3]     ; No input delay, min/max delays, false-path exceptions, or max skew assignments found ;
; eda[4]     ; No input delay, min/max delays, false-path exceptions, or max skew assignments found ;
; eda[5]     ; No input delay, min/max delays, false-path exceptions, or max skew assignments found ;
; eda[6]     ; No input delay, min/max delays, false-path exceptions, or max skew assignments found ;
; eda[7]     ; No input delay, min/max delays, false-path exceptions, or max skew assignments found ;
; eda[8]     ; No input delay, min/max delays, false-path exceptions, or max skew assignments found ;
; eda[9]     ; No input delay, min/max delays, false-path exceptions, or max skew assignments found ;
; emg[0]     ; No input delay, min/max delays, false-path exceptions, or max skew assignments found ;
; emg[1]     ; No input delay, min/max delays, false-path exceptions, or max skew assignments found ;
; emg[2]     ; No input delay, min/max delays, false-path exceptions, or max skew assignments found ;
; emg[3]     ; No input delay, min/max delays, false-path exceptions, or max skew assignments found ;
; emg[4]     ; No input delay, min/max delays, false-path exceptions, or max skew assignments found ;
; emg[5]     ; No input delay, min/max delays, false-path exceptions, or max skew assignments found ;
; emg[6]     ; No input delay, min/max delays, false-path exceptions, or max skew assignments found ;
; emg[7]     ; No input delay, min/max delays, false-path exceptions, or max skew assignments found ;
; emg[8]     ; No input delay, min/max delays, false-path exceptions, or max skew assignments found ;
; emg[9]     ; No input delay, min/max delays, false-path exceptions, or max skew assignments found ;
; x[0]       ; No input delay, min/max delays, false-path exceptions, or max skew assignments found ;
; x[1]       ; No input delay, min/max delays, false-path exceptions, or max skew assignments found ;
; x[2]       ; No input delay, min/max delays, false-path exceptions, or max skew assignments found ;
; x[3]       ; No input delay, min/max delays, false-path exceptions, or max skew assignments found ;
; x[4]       ; No input delay, min/max delays, false-path exceptions, or max skew assignments found ;
; x[5]       ; No input delay, min/max delays, false-path exceptions, or max skew assignments found ;
; x[6]       ; No input delay, min/max delays, false-path exceptions, or max skew assignments found ;
; x[7]       ; No input delay, min/max delays, false-path exceptions, or max skew assignments found ;
; x[8]       ; No input delay, min/max delays, false-path exceptions, or max skew assignments found ;
; x[9]       ; No input delay, min/max delays, false-path exceptions, or max skew assignments found ;
+------------+--------------------------------------------------------------------------------------+


+-----------------------------------------------------------------------------------------------------+
; Unconstrained Output Ports                                                                          ;
+-------------+---------------------------------------------------------------------------------------+
; Output Port ; Comment                                                                               ;
+-------------+---------------------------------------------------------------------------------------+
; PWM         ; No output delay, min/max delays, false-path exceptions, or max skew assignments found ;
+-------------+---------------------------------------------------------------------------------------+


+---------------------------------------------------------------------------------------------------+
; Unconstrained Input Ports                                                                         ;
+------------+--------------------------------------------------------------------------------------+
; Input Port ; Comment                                                                              ;
+------------+--------------------------------------------------------------------------------------+
; bvp[0]     ; No input delay, min/max delays, false-path exceptions, or max skew assignments found ;
; bvp[1]     ; No input delay, min/max delays, false-path exceptions, or max skew assignments found ;
; bvp[2]     ; No input delay, min/max delays, false-path exceptions, or max skew assignments found ;
; bvp[3]     ; No input delay, min/max delays, false-path exceptions, or max skew assignments found ;
; bvp[4]     ; No input delay, min/max delays, false-path exceptions, or max skew assignments found ;
; bvp[5]     ; No input delay, min/max delays, false-path exceptions, or max skew assignments found ;
; bvp[6]     ; No input delay, min/max delays, false-path exceptions, or max skew assignments found ;
; bvp[7]     ; No input delay, min/max delays, false-path exceptions, or max skew assignments found ;
; bvp[8]     ; No input delay, min/max delays, false-path exceptions, or max skew assignments found ;
; bvp[9]     ; No input delay, min/max delays, false-path exceptions, or max skew assignments found ;
; eda[0]     ; No input delay, min/max delays, false-path exceptions, or max skew assignments found ;
; eda[1]     ; No input delay, min/max delays, false-path exceptions, or max skew assignments found ;
; eda[2]     ; No input delay, min/max delays, false-path exceptions, or max skew assignments found ;
; eda[3]     ; No input delay, min/max delays, false-path exceptions, or max skew assignments found ;
; eda[4]     ; No input delay, min/max delays, false-path exceptions, or max skew assignments found ;
; eda[5]     ; No input delay, min/max delays, false-path exceptions, or max skew assignments found ;
; eda[6]     ; No input delay, min/max delays, false-path exceptions, or max skew assignments found ;
; eda[7]     ; No input delay, min/max delays, false-path exceptions, or max skew assignments found ;
; eda[8]     ; No input delay, min/max delays, false-path exceptions, or max skew assignments found ;
; eda[9]     ; No input delay, min/max delays, false-path exceptions, or max skew assignments found ;
; emg[0]     ; No input delay, min/max delays, false-path exceptions, or max skew assignments found ;
; emg[1]     ; No input delay, min/max delays, false-path exceptions, or max skew assignments found ;
; emg[2]     ; No input delay, min/max delays, false-path exceptions, or max skew assignments found ;
; emg[3]     ; No input delay, min/max delays, false-path exceptions, or max skew assignments found ;
; emg[4]     ; No input delay, min/max delays, false-path exceptions, or max skew assignments found ;
; emg[5]     ; No input delay, min/max delays, false-path exceptions, or max skew assignments found ;
; emg[6]     ; No input delay, min/max delays, false-path exceptions, or max skew assignments found ;
; emg[7]     ; No input delay, min/max delays, false-path exceptions, or max skew assignments found ;
; emg[8]     ; No input delay, min/max delays, false-path exceptions, or max skew assignments found ;
; emg[9]     ; No input delay, min/max delays, false-path exceptions, or max skew assignments found ;
; x[0]       ; No input delay, min/max delays, false-path exceptions, or max skew assignments found ;
; x[1]       ; No input delay, min/max delays, false-path exceptions, or max skew assignments found ;
; x[2]       ; No input delay, min/max delays, false-path exceptions, or max skew assignments found ;
; x[3]       ; No input delay, min/max delays, false-path exceptions, or max skew assignments found ;
; x[4]       ; No input delay, min/max delays, false-path exceptions, or max skew assignments found ;
; x[5]       ; No input delay, min/max delays, false-path exceptions, or max skew assignments found ;
; x[6]       ; No input delay, min/max delays, false-path exceptions, or max skew assignments found ;
; x[7]       ; No input delay, min/max delays, false-path exceptions, or max skew assignments found ;
; x[8]       ; No input delay, min/max delays, false-path exceptions, or max skew assignments found ;
; x[9]       ; No input delay, min/max delays, false-path exceptions, or max skew assignments found ;
+------------+--------------------------------------------------------------------------------------+


+-----------------------------------------------------------------------------------------------------+
; Unconstrained Output Ports                                                                          ;
+-------------+---------------------------------------------------------------------------------------+
; Output Port ; Comment                                                                               ;
+-------------+---------------------------------------------------------------------------------------+
; PWM         ; No output delay, min/max delays, false-path exceptions, or max skew assignments found ;
+-------------+---------------------------------------------------------------------------------------+


+------------------------------------+
; TimeQuest Timing Analyzer Messages ;
+------------------------------------+
Info: *******************************************************************
Info: Running Quartus Prime TimeQuest Timing Analyzer
    Info: Version 17.1.0 Build 590 10/25/2017 SJ Lite Edition
    Info: Processing started: Wed Feb 16 09:35:07 2022
Info: Command: quartus_sta identificadorDeEstadoFPGA -c identificadorDeEstadoFPGA
Info: qsta_default_script.tcl version: #3
Warning (18236): Number of processors has not been specified which may cause overloading on shared machines.  Set the global assignment NUM_PARALLEL_PROCESSORS in your QSF to an appropriate value for best performance.
Info (20030): Parallel compilation is enabled and will use 2 of the 2 processors detected
Info (21077): Low junction temperature is -40 degrees C
Info (21077): High junction temperature is 125 degrees C
Warning (335093): TimeQuest Timing Analyzer is analyzing 649 combinational loops as latches. For more details, run the Check Timing command in the TimeQuest Timing Analyzer or view the "User-Specified and Inferred Latches" table in the Analysis & Synthesis report.
Critical Warning (332012): Synopsys Design Constraints File file not found: 'identificadorDeEstadoFPGA.sdc'. A Synopsys Design Constraints File is required by the TimeQuest Timing Analyzer to get proper timing constraints. Without it, the Compiler will not properly optimize the design.
Info (332142): No user constrained base clocks found in the design. Calling "derive_clocks -period 1.0"
Info (332105): Deriving Clocks
    Info (332105): create_clock -period 1.000 -name CLK CLK
Info (332143): No user constrained clock uncertainty found in the design. Calling "derive_clock_uncertainty"
Info (332123): Deriving Clock Uncertainty. Please refer to report_sdc in TimeQuest to see clock uncertainties.
Info: Found TIMEQUEST_REPORT_SCRIPT_INCLUDE_DEFAULT_ANALYSIS = ON
Info: Analyzing Slow 1100mV 125C Model
Critical Warning (332148): Timing requirements not met
    Info (11105): For recommendations on closing timing, run Report Timing Closure Recommendations in the TimeQuest Timing Analyzer.
Info (332146): Worst-case setup slack is -11.557
    Info (332119):     Slack       End Point TNS Clock 
    Info (332119): ========= =================== =====================
    Info (332119):   -11.557          -21523.000 CLK 
Info (332146): Worst-case hold slack is 0.104
    Info (332119):     Slack       End Point TNS Clock 
    Info (332119): ========= =================== =====================
    Info (332119):     0.104               0.000 CLK 
Info (332140): No Recovery paths to report
Info (332140): No Removal paths to report
Info (332146): Worst-case minimum pulse width slack is -3.545
    Info (332119):     Slack       End Point TNS Clock 
    Info (332119): ========= =================== =====================
    Info (332119):    -3.545          -13815.118 CLK 
Info: Analyzing Slow 1100mV -40C Model
Info (334003): Started post-fitting delay annotation
Info (334004): Delay annotation completed successfully
Info (332123): Deriving Clock Uncertainty. Please refer to report_sdc in TimeQuest to see clock uncertainties.
Critical Warning (332148): Timing requirements not met
    Info (11105): For recommendations on closing timing, run Report Timing Closure Recommendations in the TimeQuest Timing Analyzer.
Info (332146): Worst-case setup slack is -11.702
    Info (332119):     Slack       End Point TNS Clock 
    Info (332119): ========= =================== =====================
    Info (332119):   -11.702          -21909.481 CLK 
Info (332146): Worst-case hold slack is -0.089
    Info (332119):     Slack       End Point TNS Clock 
    Info (332119): ========= =================== =====================
    Info (332119):    -0.089              -0.424 CLK 
Info (332140): No Recovery paths to report
Info (332140): No Removal paths to report
Info (332146): Worst-case minimum pulse width slack is -2.636
    Info (332119):     Slack       End Point TNS Clock 
    Info (332119): ========= =================== =====================
    Info (332119):    -2.636          -12947.627 CLK 
Info: Analyzing Fast 1100mV 125C Model
Info (334003): Started post-fitting delay annotation
Info (334004): Delay annotation completed successfully
Info (332123): Deriving Clock Uncertainty. Please refer to report_sdc in TimeQuest to see clock uncertainties.
Critical Warning (332148): Timing requirements not met
    Info (11105): For recommendations on closing timing, run Report Timing Closure Recommendations in the TimeQuest Timing Analyzer.
Info (332146): Worst-case setup slack is -5.986
    Info (332119):     Slack       End Point TNS Clock 
    Info (332119): ========= =================== =====================
    Info (332119):    -5.986           -8578.007 CLK 
Info (332146): Worst-case hold slack is 0.092
    Info (332119):     Slack       End Point TNS Clock 
    Info (332119): ========= =================== =====================
    Info (332119):     0.092               0.000 CLK 
Info (332140): No Recovery paths to report
Info (332140): No Removal paths to report
Info (332146): Worst-case minimum pulse width slack is -2.174
    Info (332119):     Slack       End Point TNS Clock 
    Info (332119): ========= =================== =====================
    Info (332119):    -2.174           -7347.562 CLK 
Info: Analyzing Fast 1100mV -40C Model
Info (332123): Deriving Clock Uncertainty. Please refer to report_sdc in TimeQuest to see clock uncertainties.
Critical Warning (332148): Timing requirements not met
    Info (11105): For recommendations on closing timing, run Report Timing Closure Recommendations in the TimeQuest Timing Analyzer.
Info (332146): Worst-case setup slack is -4.863
    Info (332119):     Slack       End Point TNS Clock 
    Info (332119): ========= =================== =====================
    Info (332119):    -4.863           -6575.632 CLK 
Info (332146): Worst-case hold slack is -0.031
    Info (332119):     Slack       End Point TNS Clock 
    Info (332119): ========= =================== =====================
    Info (332119):    -0.031              -0.050 CLK 
Info (332140): No Recovery paths to report
Info (332140): No Removal paths to report
Info (332146): Worst-case minimum pulse width slack is -2.174
    Info (332119):     Slack       End Point TNS Clock 
    Info (332119): ========= =================== =====================
    Info (332119):    -2.174           -7413.085 CLK 
Info (332102): Design is not fully constrained for setup requirements
Info (332102): Design is not fully constrained for hold requirements
Info: Quartus Prime TimeQuest Timing Analyzer was successful. 0 errors, 7 warnings
    Info: Peak virtual memory: 5271 megabytes
    Info: Processing ended: Wed Feb 16 09:36:23 2022
    Info: Elapsed time: 00:01:16
    Info: Total CPU time (on all processors): 00:01:08


